2024-09-26 20:01:34,392 - INFO - uid_data = {'UID': 'd3a8c8e', 'room': 203, 'dept': 'CSE'}
2024-09-26 20:01:34,392 - DEBUG - 
	class_start = datetime.time(10, 50)
	class_end = datetime.time(11, 40)
2024-09-26 20:01:34,392 - DEBUG - 
	c_timedelta = datetime.timedelta(seconds=40800)
	start_timedelta = datetime.timedelta(seconds=39000)
	time_diff_start = datetime.timedelta(seconds=1800)
2024-09-26 20:01:34,392 - DEBUG - Student is too late for the current class.
2024-09-26 20:01:34,392 - DEBUG - 
Checking next class:
	next_class_start = datetime.time(11, 40)
	next_time_diff_start = datetime.timedelta(days=-1, seconds=85200)
2024-09-26 20:01:34,392 - INFO - response = {'code': 0, 'course': 'MATH-1213'}
2024-09-26 20:01:34,392 - INFO - Attendance recorded for d3a8c8e in MATH-1213
2024-09-26 20:01:39,622 - INFO - uid_data = {'UID': 'd3a8c8e', 'room': 203, 'dept': 'CSE'}
2024-09-26 20:01:39,622 - INFO - response = {'code': 4, 'cls_done': 3}
2024-09-26 20:02:05,255 - INFO - uid_data = {'UID': '53fcbfe', 'room': 203, 'dept': 'CSE'}
2024-09-26 20:02:05,256 - INFO - response = {'code': 5, 'name': 'Japan Sir'}
2024-09-26 20:02:08,129 - INFO - uid_data = {'UID': '53fcbfe', 'room': 203, 'dept': 'CSE'}
2024-09-26 20:02:08,129 - INFO - response = {'code': -5, 'name': 'Japan Sir'}
2024-09-26 20:02:08,130 - INFO - Teacher checked out: Japan Sir
