2024-09-26 20:19:21,605 - INFO - uid_data = {'UID': 'd3a8c8e', 'room': 203, 'dept': 'CSE'}
2024-09-26 20:19:21,606 - DEBUG - 
	class_start = datetime.time(10, 50)
	class_end = datetime.time(11, 40)
2024-09-26 20:19:21,606 - DEBUG - 
	c_timedelta = datetime.timedelta(seconds=40800)
	start_timedelta = datetime.timedelta(seconds=39000)
	time_diff_start = datetime.timedelta(seconds=1800)
2024-09-26 20:19:21,606 - DEBUG - Student is too late for the current class.
2024-09-26 20:19:21,606 - DEBUG - 
Checking next class:
	next_class_start = datetime.time(11, 40)
	next_time_diff_start = datetime.timedelta(days=-1, seconds=85200)
2024-09-26 20:19:21,606 - INFO - response = {'code': 0, 'course': 'MATH-1213'}
2024-09-26 20:19:21,606 - INFO - Attendance recorded for d3a8c8e in MATH-1213
2024-09-26 20:19:24,164 - INFO - uid_data = {'UID': '53fcbfe', 'room': 203, 'dept': 'CSE'}
2024-09-26 20:19:24,164 - INFO - response = {'code': 5, 'name': 'Japan Sir'}
2024-09-26 20:19:25,788 - INFO - uid_data = {'UID': '53fcbfe', 'room': 203, 'dept': 'CSE'}
2024-09-26 20:19:25,788 - DEBUG - from "sas.py": self.attendance_record.is_class_finalized() = True
2024-09-26 20:19:25,788 - DEBUG - from "attendance_record.py": self.class_finalized = True
2024-09-26 20:19:25,789 - INFO - response = {'code': -5, 'name': 'Japan Sir'}
2024-09-26 20:19:25,789 - INFO - Teacher checked out: Japan Sir
2024-09-26 20:19:25,789 - DEBUG - from "sas.py": self.attendance_record.is_class_finalized() = True
2024-09-26 20:19:25,789 - INFO - class finalized done
