2024-09-26 18:18:36,907 - INFO - uid_data = {'UID': 'd3a8c8e', 'room': 203, 'dept': 'CSE'}
2024-09-26 18:18:36,908 - DEBUG - 
	class_start = datetime.time(10, 50)
	class_end = datetime.time(11, 40)
2024-09-26 18:18:36,908 - DEBUG - 
	c_timedelta = datetime.timedelta(seconds=34200)
	start_timedelta = datetime.timedelta(seconds=39000)
	time_diff_start = datetime.timedelta(days=-1, seconds=81600)
2024-09-26 18:18:36,908 - DEBUG - 
	class_start = datetime.time(11, 40)
	class_end = datetime.time(12, 30)
2024-09-26 18:18:36,908 - DEBUG - 
	c_timedelta = datetime.timedelta(seconds=34200)
	start_timedelta = datetime.timedelta(seconds=42000)
	time_diff_start = datetime.timedelta(days=-1, seconds=78600)
2024-09-26 18:18:36,908 - DEBUG - 
	class_start = datetime.time(12, 30)
	class_end = datetime.time(1, 20)
2024-09-26 18:18:36,908 - DEBUG - 
	c_timedelta = datetime.timedelta(seconds=34200)
	start_timedelta = datetime.timedelta(seconds=45000)
	time_diff_start = datetime.timedelta(days=-1, seconds=75600)
2024-09-26 18:18:36,908 - INFO - response = {'code': 500}
