2024-09-26 21:31:41,257 - INFO - Preparing room 404 for upcoming class in 20 minutes:
2024-09-26 21:31:51,814 - INFO - uid_data = {'UID': '53fcbfe', 'room': 203, 'dept': 'CSE'}
2024-09-26 21:31:51,814 - INFO - response = {'code': 5, 'name': 'Japan Sir'}
2024-09-26 21:31:51,814 - INFO - Preparing room 404 for upcoming class in 20 minutes:
2024-09-26 21:31:54,593 - INFO - uid_data = {'UID': 'd3a8c8e', 'room': 203, 'dept': 'CSE'}
2024-09-26 21:31:54,593 - DEBUG - 
	class_start = datetime.time(10, 50)
	class_end = datetime.time(11, 40)
2024-09-26 21:31:54,593 - DEBUG - 
	c_timedelta = datetime.timedelta(seconds=40800)
	start_timedelta = datetime.timedelta(seconds=39000)
	time_diff_start = datetime.timedelta(seconds=1800)
2024-09-26 21:31:54,593 - DEBUG - Student is too late for the current class.
2024-09-26 21:31:54,593 - DEBUG - 
Checking next class:
	next_class_start = datetime.time(11, 40)
	next_time_diff_start = datetime.timedelta(days=-1, seconds=85200)
2024-09-26 21:31:54,593 - INFO - response = {'code': 0, 'course': 'MATH-1213'}
2024-09-26 21:31:54,593 - INFO - Attendance recorded for d3a8c8e in MATH-1213
2024-09-26 21:31:54,593 - INFO - Preparing room 404 for upcoming class in 20 minutes:
2024-09-26 21:31:57,199 - INFO - uid_data = {'UID': '53fcbfe', 'room': 203, 'dept': 'CSE'}
2024-09-26 21:31:57,199 - DEBUG - from "attendance_record.py": Finalizing the class
2024-09-26 21:31:57,199 - DEBUG - from "attendance_record.py": Calling <bound method SmartAttendanceSystem.finalize_class of <sas.SmartAttendanceSystem object at 0x74434e493110>>
2024-09-26 21:31:57,199 - DEBUG - from "sas.py": self.attendance_record.is_class_finalized() = False
2024-09-26 21:31:57,200 - INFO - Successfully converted logs/attendance_reports/attendance_record_20240926_213157.json to logs/attendance_reports/attendance_record_20240926_213157.csv
2024-09-26 21:31:57,203 - INFO - file_cache is only supported with oauth2client<4.0.0
2024-09-26 21:31:57,209 - DEBUG - URL being requested: POST https://gmail.googleapis.com/gmail/v1/users/me/messages/send?alt=json
2024-09-26 21:31:58,112 - INFO - Attendance report (CSV) sent to mhabrarmts@gmail.com
2024-09-26 21:31:58,112 - INFO - Class finalized
2024-09-26 21:31:58,113 - DEBUG - from "attendance_record.py": self.class_finalized = True
2024-09-26 21:31:58,113 - INFO - response = {'code': -5, 'name': 'Japan Sir'}
2024-09-26 21:31:58,113 - INFO - Teacher checked out: Japan Sir
2024-09-26 21:31:58,113 - DEBUG - from "sas.py": self.attendance_record.is_class_finalized() = True
2024-09-26 21:31:58,114 - INFO - class finalized done
2024-09-26 21:31:58,114 - INFO - Preparing room 404 for upcoming class in 20 minutes:
